#
# A fatal error has been detected by the Java Runtime Environment:
#
#  EXCEPTION_ACCESS_VIOLATION (0xc0000005) at pc=0x00007ff92841f321, pid=17884, tid=18160
#
# JRE version: OpenJDK Runtime Environment (15.0+36) (build 15+36-1562)
# Java VM: OpenJDK 64-Bit Server VM (15+36-1562, mixed mode, sharing, tiered, compressed oops, g1 gc, windows-amd64)
# Problematic frame:
# C  [nvoglv64.dll+0xb2f321]
#
# No core dump will be written. Minidumps are not enabled by default on client versions of Windows
#
# If you would like to submit a bug report, please visit:
#   https://bugreport.java.com/bugreport/crash.jsp
# The crash happened outside the Java Virtual Machine in native code.
# See problematic frame for where to report the bug.
#

---------------  S U M M A R Y ------------

Command Line: -Dfile.encoding=windows-1252 -Duser.country=US -Duser.language=en -Duser.variant Main

Host: Intel(R) Core(TM) i5-4690K CPU @ 3.50GHz, 4 cores, 15G,  Windows 10 , 64 bit Build 19041 (10.0.19041.292)
Time: Sun Oct  4 17:51:25 2020 W. Europe Daylight Time elapsed time: 0.634246 seconds (0d 0h 0m 0s)

---------------  T H R E A D  ---------------

Current thread (0x0000023ad151a210):  JavaThread "main" [_thread_in_native, id=18160, stack(0x0000007130100000,0x0000007130200000)]

Stack: [0x0000007130100000,0x0000007130200000],  sp=0x00000071301fec70,  free space=1019k
Native frames: (J=compiled Java code, j=interpreted, Vv=VM code, C=native code)
C  [nvoglv64.dll+0xb2f321]

Java frames: (J=compiled Java code, j=interpreted, Vv=VM code)
j  org.lwjgl.opengl.GL11C.nglDrawElements(IIIJ)V+0
j  org.lwjgl.opengl.GL11C.glDrawElements(IIIJ)V+4
j  org.lwjgl.opengl.GL11.glDrawElements(IIIJ)V+4
j  Esquil.LevelEditorScene.update(F)V+32
j  Esquil.Window.loop()V+55
j  Esquil.Window.run()V+19
j  Main.main([Ljava/lang/String;)V+5
v  ~StubRoutines::call_stub

siginfo: EXCEPTION_ACCESS_VIOLATION (0xc0000005), reading address 0x0000000000000014


Register to memory mapping:

RIP=0x00007ff92841f321 nvoglv64.dll
RAX=0x000001dbff0c32b5 is an unknown value
RBX=0x0 is NULL
RCX=0x0 is NULL
RDX=0x00001297f679fb18 is an unknown value
RSP=0x00000071301fec70 is pointing into the stack for thread: 0x0000023ad151a210
RBP=0x0000023af6732080 points into unknown readable memory: 0x0000000000000000 | 00 00 00 00 00 00 00 00
RSI=0x0000000000000006 is an unknown value
RDI=0x0000000000000001 is an unknown value
R8 =0x00000000000008e7 is an unknown value
R9 =0x0 is NULL
R10=0x00000000546c6148 is an unknown value
R11=0x00000d8f6cd5f038 is an unknown value
R12=0x0000000000001405 is an unknown value
R13=0x0000000000001405 is an unknown value
R14=0x0 is NULL
R15=0x0000023ad151a210 is a thread


Registers:
RAX=0x000001dbff0c32b5, RBX=0x0000000000000000, RCX=0x0000000000000000, RDX=0x00001297f679fb18
RSP=0x00000071301fec70, RBP=0x0000023af6732080, RSI=0x0000000000000006, RDI=0x0000000000000001
R8 =0x00000000000008e7, R9 =0x0000000000000000, R10=0x00000000546c6148, R11=0x00000d8f6cd5f038
R12=0x0000000000001405, R13=0x0000000000001405, R14=0x0000000000000000, R15=0x0000023ad151a210
RIP=0x00007ff92841f321, EFLAGS=0x0000000000010246

Top of Stack: (sp=0x00000071301fec70)
0x00000071301fec70:   0000000000000018 0000000000000000
0x00000071301fec80:   0000023ad151a200 0000000000000000
0x00000071301fec90:   0000000000000000 0000000000000000
0x00000071301feca0:   00000071301fee00 0000000000000000
0x00000071301fecb0:   00007ff9435635d0 0000023af4e69be0
0x00000071301fecc0:   0000681c0000000e 000000000017555d
0x00000071301fecd0:   0000023af4bfa470 0000023ad151a210
0x00000071301fece0:   0000000000000000 0000000000001405
0x00000071301fecf0:   0000023af6732080 0000000000000004
0x00000071301fed00:   0000000000000006 00000071301fee48
0x00000071301fed10:   0000000000000000 00007ff92807df46
0x00000071301fed20:   0000023af6732ed8 0000023a00000004
0x00000071301fed30:   0000007100000000 00007ff900000000
0x00000071301fed40:   0000000000000018 0000023a00001405
0x00000071301fed50:   0000000000000000 0000000000000000
0x00000071301fed60:   0000023af4bfa400 0000023ad151a210 

Instructions: (pc=0x00007ff92841f321)
0x00007ff92841f221:   00 48 8b e9 44 8b a4 24 d8 00 00 00 45 8b d8 44
0x00007ff92841f231:   8b c2 8b de 48 8b 91 88 03 00 00 41 8b cc d1 e9
0x00007ff92841f241:   83 e1 03 48 89 94 24 b0 00 00 00 d3 e3 44 8b 52
0x00007ff92841f251:   14 8b 42 18 41 f7 d2 44 23 52 0c 41 0b c2 89 9c
0x00007ff92841f261:   24 d0 00 00 00 f7 d0 23 42 10 80 7a 1e 00 0f 85
0x00007ff92841f271:   db 08 00 00 80 bd dc ec 55 00 00 0f 85 ce 08 00
0x00007ff92841f281:   00 85 f6 0f 8e c6 08 00 00 3b 9d e8 ee 55 00 0f
0x00007ff92841f291:   8f ba 08 00 00 83 7a 08 00 0f 85 b0 08 00 00 80
0x00007ff92841f2a1:   7a 1d 00 0f 85 a6 08 00 00 80 7a 1c 00 0f 85 9c
0x00007ff92841f2b1:   08 00 00 80 bd e5 38 55 00 00 0f 85 8f 08 00 00
0x00007ff92841f2c1:   80 bd ec 38 55 00 00 0f 85 82 08 00 00 a9 00 00
0x00007ff92841f2d1:   03 00 0f 85 77 08 00 00 44 0b d0 44 85 52 20 0f
0x00007ff92841f2e1:   85 6a 08 00 00 48 89 bc 24 80 00 00 00 48 8d 8d
0x00007ff92841f2f1:   40 f0 55 00 4c 89 6c 24 78 bf 01 00 00 00 8b d7
0x00007ff92841f301:   4c 89 74 24 70 4c 89 7c 24 68 e8 10 eb e6 ff 48
0x00007ff92841f311:   8b 9c 24 e0 00 00 00 41 81 fc 05 14 00 00 75 18
0x00007ff92841f321:   8b 44 b3 fc 4c 8d 6e ff 8b 0b 44 8b f0 3b c8 44
0x00007ff92841f331:   0f 47 f1 0f 42 c1 eb 5c 41 81 fc 03 14 00 00 75
0x00007ff92841f341:   23 0f b7 4c 73 fe 4c 8d 6e ff 0f b7 13 0f b7 c1
0x00007ff92841f351:   66 3b d1 66 0f 47 c2 66 0f 42 ca 44 0f b7 f0 0f
0x00007ff92841f361:   b7 c1 eb 30 41 81 fc 01 14 00 00 0f 85 95 07 00
0x00007ff92841f371:   00 0f b6 54 33 ff 4c 8d 6e ff 44 0f b6 03 8b ca
0x00007ff92841f381:   44 3a c2 41 0f 47 c8 44 0f b6 f1 8b ca 41 0f 42
0x00007ff92841f391:   c8 0f b6 c1 48 8b 8c 24 b0 00 00 00 44 8d 7e ff
0x00007ff92841f3a1:   44 2b f0 e8 37 0c 00 00 48 8b 84 24 b0 00 00 00
0x00007ff92841f3b1:   44 8b 50 78 41 8b c2 41 0f af c6 44 89 94 24 d8
0x00007ff92841f3c1:   00 00 00 3b 85 ec ee 55 00 0f 8f 37 07 00 00 0f
0x00007ff92841f3d1:   29 74 24 50 41 81 fc 05 14 00 00 0f 85 15 01 00
0x00007ff92841f3e1:   00 44 8b 0b 45 8b f1 48 8d 53 04 3b f7 0f 8e 8d
0x00007ff92841f3f1:   03 00 00 41 83 ff 08 0f 82 b6 00 00 00 83 3d eb
0x00007ff92841f401:   76 af 01 02 0f 8c a9 00 00 00 41 81 e7 07 00 00
0x00007ff92841f411:   80 7d 0a 41 ff cf 41 83 cf f8 41 ff c7 66 41 0f 


Stack slot to memory mapping:
stack at sp + 0 slots: 0x0000000000000018 is an unknown value
stack at sp + 1 slots: 0x0 is NULL
stack at sp + 2 slots: 0x0000023ad151a200 points into unknown readable memory: 0x0000000000000000 | 00 00 00 00 00 00 00 00
stack at sp + 3 slots: 0x0 is NULL
stack at sp + 4 slots: 0x0 is NULL
stack at sp + 5 slots: 0x0 is NULL
stack at sp + 6 slots: 0x00000071301fee00 is pointing into the stack for thread: 0x0000023ad151a210
stack at sp + 7 slots: 0x0 is NULL


---------------  P R O C E S S  ---------------

Threads class SMR info:
_java_thread_list=0x0000023af4e56740, length=11, elements={
0x0000023ad151a210, 0x0000023af43f1230, 0x0000023af43f25a0, 0x0000023af4d0c1f0,
0x0000023af4d0ebc0, 0x0000023af4d12590, 0x0000023af4d15000, 0x0000023af4d63d20,
0x0000023af4d80c40, 0x0000023af43d53e0, 0x0000023af4e9e3b0
}

Java Threads: ( => current thread )
=>0x0000023ad151a210 JavaThread "main" [_thread_in_native, id=18160, stack(0x0000007130100000,0x0000007130200000)]
  0x0000023af43f1230 JavaThread "Reference Handler" daemon [_thread_blocked, id=6116, stack(0x0000007130800000,0x0000007130900000)]
  0x0000023af43f25a0 JavaThread "Finalizer" daemon [_thread_blocked, id=6560, stack(0x0000007130900000,0x0000007130a00000)]
  0x0000023af4d0c1f0 JavaThread "Signal Dispatcher" daemon [_thread_blocked, id=328, stack(0x0000007130a00000,0x0000007130b00000)]
  0x0000023af4d0ebc0 JavaThread "Attach Listener" daemon [_thread_blocked, id=16000, stack(0x0000007130b00000,0x0000007130c00000)]
  0x0000023af4d12590 JavaThread "Service Thread" daemon [_thread_blocked, id=6540, stack(0x0000007130c00000,0x0000007130d00000)]
  0x0000023af4d15000 JavaThread "C2 CompilerThread0" daemon [_thread_blocked, id=11916, stack(0x0000007130d00000,0x0000007130e00000)]
  0x0000023af4d63d20 JavaThread "C1 CompilerThread0" daemon [_thread_blocked, id=3268, stack(0x0000007130e00000,0x0000007130f00000)]
  0x0000023af4d80c40 JavaThread "Sweeper thread" daemon [_thread_blocked, id=11348, stack(0x0000007130f00000,0x0000007131000000)]
  0x0000023af43d53e0 JavaThread "Notification Thread" daemon [_thread_blocked, id=18496, stack(0x0000007131000000,0x0000007131100000)]
  0x0000023af4e9e3b0 JavaThread "Common-Cleaner" daemon [_thread_blocked, id=13328, stack(0x0000007131200000,0x0000007131300000)]

Other Threads:
  0x0000023af43ee210 VMThread "VM Thread" [stack: 0x0000007130700000,0x0000007130800000] [id=19096]
  0x0000023af4e620d0 WatcherThread [stack: 0x0000007131100000,0x0000007131200000] [id=3108]
  0x0000023ad156a110 GCTaskThread "GC Thread#0" [stack: 0x0000007130200000,0x0000007130300000] [id=17444]
  0x0000023af4e610e0 GCTaskThread "GC Thread#1" [stack: 0x0000007131900000,0x0000007131a00000] [id=11272]
  0x0000023af4e61740 GCTaskThread "GC Thread#2" [stack: 0x0000007131a00000,0x0000007131b00000] [id=6044]
  0x0000023afbc9e330 GCTaskThread "GC Thread#3" [stack: 0x0000007131b00000,0x0000007131c00000] [id=18364]
  0x0000023ad157b170 ConcurrentGCThread "G1 Main Marker" [stack: 0x0000007130300000,0x0000007130400000] [id=1900]
  0x0000023ad157c500 ConcurrentGCThread "G1 Conc#0" [stack: 0x0000007130400000,0x0000007130500000] [id=4716]
  0x0000023ad15ddbf0 ConcurrentGCThread "G1 Refine#0" [stack: 0x0000007130500000,0x0000007130600000] [id=1660]
  0x0000023ad15de690 ConcurrentGCThread "G1 Young RemSet Sampling" [stack: 0x0000007130600000,0x0000007130700000] [id=17252]

Threads with active compile tasks:

VM state: not at safepoint (normal execution)

VM Mutex/Monitor currently owned by a thread: None

Heap address: 0x0000000700e00000, size: 4082 MB, Compressed Oops mode: Zero based, Oop shift amount: 3
CDS archive(s) mapped at: [0x0000000800000000-0x0000000800b50000-0x0000000800b50000), size 11862016, SharedBaseAddress: 0x0000000800000000, ArchiveRelocationMode: 0.
Compressed class space mapped at: 0x0000000800b50000-0x0000000840b50000, size: 1073741824
Narrow klass base: 0x0000000800000000, Narrow klass shift: 3, Narrow klass range: 0x100000000

GC Precious Log:
 CPUs: 4 total, 4 available
 Memory: 16326M
 Large Page Support: Disabled
 NUMA Support: Disabled
 Compressed Oops: Enabled (Zero based)
 Heap Region Size: 2M
 Heap Min Capacity: 8M
 Heap Initial Capacity: 256M
 Heap Max Capacity: 4082M
 Pre-touch: Disabled
 Parallel Workers: 4
 Concurrent Workers: 1
 Concurrent Refinement Workers: 4
 Periodic GC: Disabled

Heap:
 garbage-first heap   total 262144K, used 3739K [0x0000000700e00000, 0x0000000800000000)
  region size 2048K, 3 young (6144K), 1 survivors (2048K)
 Metaspace       used 5931K, capacity 8849K, committed 9088K, reserved 1058816K
  class space    used 298K, capacity 608K, committed 640K, reserved 1048576K

Heap Regions: E=young(eden), S=young(survivor), O=old, HS=humongous(starts), HC=humongous(continues), CS=collection set, F=free, OA=open archive, CA=closed archive, TAMS=top-at-mark-start (previous, next)
|   0|0x0000000700e00000, 0x0000000700e00000, 0x0000000701000000|  0%| F|  |TAMS 0x0000000700e00000, 0x0000000700e00000| Untracked 
|   1|0x0000000701000000, 0x0000000701000000, 0x0000000701200000|  0%| F|  |TAMS 0x0000000701000000, 0x0000000701000000| Untracked 
|   2|0x0000000701200000, 0x0000000701200000, 0x0000000701400000|  0%| F|  |TAMS 0x0000000701200000, 0x0000000701200000| Untracked 
|   3|0x0000000701400000, 0x0000000701400000, 0x0000000701600000|  0%| F|  |TAMS 0x0000000701400000, 0x0000000701400000| Untracked 
|   4|0x0000000701600000, 0x0000000701600000, 0x0000000701800000|  0%| F|  |TAMS 0x0000000701600000, 0x0000000701600000| Untracked 
|   5|0x0000000701800000, 0x0000000701800000, 0x0000000701a00000|  0%| F|  |TAMS 0x0000000701800000, 0x0000000701800000| Untracked 
|   6|0x0000000701a00000, 0x0000000701a00000, 0x0000000701c00000|  0%| F|  |TAMS 0x0000000701a00000, 0x0000000701a00000| Untracked 
|   7|0x0000000701c00000, 0x0000000701c00000, 0x0000000701e00000|  0%| F|  |TAMS 0x0000000701c00000, 0x0000000701c00000| Untracked 
|   8|0x0000000701e00000, 0x0000000701e00000, 0x0000000702000000|  0%| F|  |TAMS 0x0000000701e00000, 0x0000000701e00000| Untracked 
|   9|0x0000000702000000, 0x0000000702000000, 0x0000000702200000|  0%| F|  |TAMS 0x0000000702000000, 0x0000000702000000| Untracked 
|  10|0x0000000702200000, 0x0000000702200000, 0x0000000702400000|  0%| F|  |TAMS 0x0000000702200000, 0x0000000702200000| Untracked 
|  11|0x0000000702400000, 0x0000000702400000, 0x0000000702600000|  0%| F|  |TAMS 0x0000000702400000, 0x0000000702400000| Untracked 
|  12|0x0000000702600000, 0x0000000702600000, 0x0000000702800000|  0%| F|  |TAMS 0x0000000702600000, 0x0000000702600000| Untracked 
|  13|0x0000000702800000, 0x0000000702800000, 0x0000000702a00000|  0%| F|  |TAMS 0x0000000702800000, 0x0000000702800000| Untracked 
|  14|0x0000000702a00000, 0x0000000702a00000, 0x0000000702c00000|  0%| F|  |TAMS 0x0000000702a00000, 0x0000000702a00000| Untracked 
|  15|0x0000000702c00000, 0x0000000702c00000, 0x0000000702e00000|  0%| F|  |TAMS 0x0000000702c00000, 0x0000000702c00000| Untracked 
|  16|0x0000000702e00000, 0x0000000702e00000, 0x0000000703000000|  0%| F|  |TAMS 0x0000000702e00000, 0x0000000702e00000| Untracked 
|  17|0x0000000703000000, 0x0000000703000000, 0x0000000703200000|  0%| F|  |TAMS 0x0000000703000000, 0x0000000703000000| Untracked 
|  18|0x0000000703200000, 0x0000000703200000, 0x0000000703400000|  0%| F|  |TAMS 0x0000000703200000, 0x0000000703200000| Untracked 
|  19|0x0000000703400000, 0x0000000703400000, 0x0000000703600000|  0%| F|  |TAMS 0x0000000703400000, 0x0000000703400000| Untracked 
|  20|0x0000000703600000, 0x0000000703600000, 0x0000000703800000|  0%| F|  |TAMS 0x0000000703600000, 0x0000000703600000| Untracked 
|  21|0x0000000703800000, 0x0000000703800000, 0x0000000703a00000|  0%| F|  |TAMS 0x0000000703800000, 0x0000000703800000| Untracked 
|  22|0x0000000703a00000, 0x0000000703a00000, 0x0000000703c00000|  0%| F|  |TAMS 0x0000000703a00000, 0x0000000703a00000| Untracked 
|  23|0x0000000703c00000, 0x0000000703c00000, 0x0000000703e00000|  0%| F|  |TAMS 0x0000000703c00000, 0x0000000703c00000| Untracked 
|  24|0x0000000703e00000, 0x0000000703e00000, 0x0000000704000000|  0%| F|  |TAMS 0x0000000703e00000, 0x0000000703e00000| Untracked 
|  25|0x0000000704000000, 0x0000000704000000, 0x0000000704200000|  0%| F|  |TAMS 0x0000000704000000, 0x0000000704000000| Untracked 
|  26|0x0000000704200000, 0x0000000704200000, 0x0000000704400000|  0%| F|  |TAMS 0x0000000704200000, 0x0000000704200000| Untracked 
|  27|0x0000000704400000, 0x0000000704400000, 0x0000000704600000|  0%| F|  |TAMS 0x0000000704400000, 0x0000000704400000| Untracked 
|  28|0x0000000704600000, 0x0000000704600000, 0x0000000704800000|  0%| F|  |TAMS 0x0000000704600000, 0x0000000704600000| Untracked 
|  29|0x0000000704800000, 0x0000000704800000, 0x0000000704a00000|  0%| F|  |TAMS 0x0000000704800000, 0x0000000704800000| Untracked 
|  30|0x0000000704a00000, 0x0000000704a00000, 0x0000000704c00000|  0%| F|  |TAMS 0x0000000704a00000, 0x0000000704a00000| Untracked 
|  31|0x0000000704c00000, 0x0000000704c00000, 0x0000000704e00000|  0%| F|  |TAMS 0x0000000704c00000, 0x0000000704c00000| Untracked 
|  32|0x0000000704e00000, 0x0000000704e00000, 0x0000000705000000|  0%| F|  |TAMS 0x0000000704e00000, 0x0000000704e00000| Untracked 
|  33|0x0000000705000000, 0x0000000705000000, 0x0000000705200000|  0%| F|  |TAMS 0x0000000705000000, 0x0000000705000000| Untracked 
|  34|0x0000000705200000, 0x0000000705200000, 0x0000000705400000|  0%| F|  |TAMS 0x0000000705200000, 0x0000000705200000| Untracked 
|  35|0x0000000705400000, 0x0000000705400000, 0x0000000705600000|  0%| F|  |TAMS 0x0000000705400000, 0x0000000705400000| Untracked 
|  36|0x0000000705600000, 0x0000000705600000, 0x0000000705800000|  0%| F|  |TAMS 0x0000000705600000, 0x0000000705600000| Untracked 
|  37|0x0000000705800000, 0x0000000705800000, 0x0000000705a00000|  0%| F|  |TAMS 0x0000000705800000, 0x0000000705800000| Untracked 
|  38|0x0000000705a00000, 0x0000000705a00000, 0x0000000705c00000|  0%| F|  |TAMS 0x0000000705a00000, 0x0000000705a00000| Untracked 
|  39|0x0000000705c00000, 0x0000000705c00000, 0x0000000705e00000|  0%| F|  |TAMS 0x0000000705c00000, 0x0000000705c00000| Untracked 
|  40|0x0000000705e00000, 0x0000000705e00000, 0x0000000706000000|  0%| F|  |TAMS 0x0000000705e00000, 0x0000000705e00000| Untracked 
|  41|0x0000000706000000, 0x0000000706000000, 0x0000000706200000|  0%| F|  |TAMS 0x0000000706000000, 0x0000000706000000| Untracked 
|  42|0x0000000706200000, 0x0000000706200000, 0x0000000706400000|  0%| F|  |TAMS 0x0000000706200000, 0x0000000706200000| Untracked 
|  43|0x0000000706400000, 0x0000000706400000, 0x0000000706600000|  0%| F|  |TAMS 0x0000000706400000, 0x0000000706400000| Untracked 
|  44|0x0000000706600000, 0x0000000706600000, 0x0000000706800000|  0%| F|  |TAMS 0x0000000706600000, 0x0000000706600000| Untracked 
|  45|0x0000000706800000, 0x0000000706800000, 0x0000000706a00000|  0%| F|  |TAMS 0x0000000706800000, 0x0000000706800000| Untracked 
|  46|0x0000000706a00000, 0x0000000706a00000, 0x0000000706c00000|  0%| F|  |TAMS 0x0000000706a00000, 0x0000000706a00000| Untracked 
|  47|0x0000000706c00000, 0x0000000706c00000, 0x0000000706e00000|  0%| F|  |TAMS 0x0000000706c00000, 0x0000000706c00000| Untracked 
|  48|0x0000000706e00000, 0x0000000706e00000, 0x0000000707000000|  0%| F|  |TAMS 0x0000000706e00000, 0x0000000706e00000| Untracked 
|  49|0x0000000707000000, 0x0000000707000000, 0x0000000707200000|  0%| F|  |TAMS 0x0000000707000000, 0x0000000707000000| Untracked 
|  50|0x0000000707200000, 0x0000000707200000, 0x0000000707400000|  0%| F|  |TAMS 0x0000000707200000, 0x0000000707200000| Untracked 
|  51|0x0000000707400000, 0x0000000707400000, 0x0000000707600000|  0%| F|  |TAMS 0x0000000707400000, 0x0000000707400000| Untracked 
|  52|0x0000000707600000, 0x0000000707600000, 0x0000000707800000|  0%| F|  |TAMS 0x0000000707600000, 0x0000000707600000| Untracked 
|  53|0x0000000707800000, 0x0000000707800000, 0x0000000707a00000|  0%| F|  |TAMS 0x0000000707800000, 0x0000000707800000| Untracked 
|  54|0x0000000707a00000, 0x0000000707a00000, 0x0000000707c00000|  0%| F|  |TAMS 0x0000000707a00000, 0x0000000707a00000| Untracked 
|  55|0x0000000707c00000, 0x0000000707c00000, 0x0000000707e00000|  0%| F|  |TAMS 0x0000000707c00000, 0x0000000707c00000| Untracked 
|  56|0x0000000707e00000, 0x0000000707e00000, 0x0000000708000000|  0%| F|  |TAMS 0x0000000707e00000, 0x0000000707e00000| Untracked 
|  57|0x0000000708000000, 0x0000000708000000, 0x0000000708200000|  0%| F|  |TAMS 0x0000000708000000, 0x0000000708000000| Untracked 
|  58|0x0000000708200000, 0x0000000708200000, 0x0000000708400000|  0%| F|  |TAMS 0x0000000708200000, 0x0000000708200000| Untracked 
|  59|0x0000000708400000, 0x0000000708400000, 0x0000000708600000|  0%| F|  |TAMS 0x0000000708400000, 0x0000000708400000| Untracked 
|  60|0x0000000708600000, 0x0000000708600000, 0x0000000708800000|  0%| F|  |TAMS 0x0000000708600000, 0x0000000708600000| Untracked 
|  61|0x0000000708800000, 0x0000000708800000, 0x0000000708a00000|  0%| F|  |TAMS 0x0000000708800000, 0x0000000708800000| Untracked 
|  62|0x0000000708a00000, 0x0000000708a00000, 0x0000000708c00000|  0%| F|  |TAMS 0x0000000708a00000, 0x0000000708a00000| Untracked 
|  63|0x0000000708c00000, 0x0000000708c00000, 0x0000000708e00000|  0%| F|  |TAMS 0x0000000708c00000, 0x0000000708c00000| Untracked 
|  64|0x0000000708e00000, 0x0000000708e00000, 0x0000000709000000|  0%| F|  |TAMS 0x0000000708e00000, 0x0000000708e00000| Untracked 
|  65|0x0000000709000000, 0x0000000709000000, 0x0000000709200000|  0%| F|  |TAMS 0x0000000709000000, 0x0000000709000000| Untracked 
|  66|0x0000000709200000, 0x0000000709200000, 0x0000000709400000|  0%| F|  |TAMS 0x0000000709200000, 0x0000000709200000| Untracked 
|  67|0x0000000709400000, 0x0000000709400000, 0x0000000709600000|  0%| F|  |TAMS 0x0000000709400000, 0x0000000709400000| Untracked 
|  68|0x0000000709600000, 0x0000000709600000, 0x0000000709800000|  0%| F|  |TAMS 0x0000000709600000, 0x0000000709600000| Untracked 
|  69|0x0000000709800000, 0x0000000709800000, 0x0000000709a00000|  0%| F|  |TAMS 0x0000000709800000, 0x0000000709800000| Untracked 
|  70|0x0000000709a00000, 0x0000000709a00000, 0x0000000709c00000|  0%| F|  |TAMS 0x0000000709a00000, 0x0000000709a00000| Untracked 
|  71|0x0000000709c00000, 0x0000000709c00000, 0x0000000709e00000|  0%| F|  |TAMS 0x0000000709c00000, 0x0000000709c00000| Untracked 
|  72|0x0000000709e00000, 0x0000000709e00000, 0x000000070a000000|  0%| F|  |TAMS 0x0000000709e00000, 0x0000000709e00000| Untracked 
|  73|0x000000070a000000, 0x000000070a000000, 0x000000070a200000|  0%| F|  |TAMS 0x000000070a000000, 0x000000070a000000| Untracked 
|  74|0x000000070a200000, 0x000000070a200000, 0x000000070a400000|  0%| F|  |TAMS 0x000000070a200000, 0x000000070a200000| Untracked 
|  75|0x000000070a400000, 0x000000070a400000, 0x000000070a600000|  0%| F|  |TAMS 0x000000070a400000, 0x000000070a400000| Untracked 
|  76|0x000000070a600000, 0x000000070a600000, 0x000000070a800000|  0%| F|  |TAMS 0x000000070a600000, 0x000000070a600000| Untracked 
|  77|0x000000070a800000, 0x000000070a800000, 0x000000070aa00000|  0%| F|  |TAMS 0x000000070a800000, 0x000000070a800000| Untracked 
|  78|0x000000070aa00000, 0x000000070aa00000, 0x000000070ac00000|  0%| F|  |TAMS 0x000000070aa00000, 0x000000070aa00000| Untracked 
|  79|0x000000070ac00000, 0x000000070ac00000, 0x000000070ae00000|  0%| F|  |TAMS 0x000000070ac00000, 0x000000070ac00000| Untracked 
|  80|0x000000070ae00000, 0x000000070ae00000, 0x000000070b000000|  0%| F|  |TAMS 0x000000070ae00000, 0x000000070ae00000| Untracked 
|  81|0x000000070b000000, 0x000000070b000000, 0x000000070b200000|  0%| F|  |TAMS 0x000000070b000000, 0x000000070b000000| Untracked 
|  82|0x000000070b200000, 0x000000070b200000, 0x000000070b400000|  0%| F|  |TAMS 0x000000070b200000, 0x000000070b200000| Untracked 
|  83|0x000000070b400000, 0x000000070b400000, 0x000000070b600000|  0%| F|  |TAMS 0x000000070b400000, 0x000000070b400000| Untracked 
|  84|0x000000070b600000, 0x000000070b600000, 0x000000070b800000|  0%| F|  |TAMS 0x000000070b600000, 0x000000070b600000| Untracked 
|  85|0x000000070b800000, 0x000000070b800000, 0x000000070ba00000|  0%| F|  |TAMS 0x000000070b800000, 0x000000070b800000| Untracked 
|  86|0x000000070ba00000, 0x000000070ba00000, 0x000000070bc00000|  0%| F|  |TAMS 0x000000070ba00000, 0x000000070ba00000| Untracked 
|  87|0x000000070bc00000, 0x000000070bc00000, 0x000000070be00000|  0%| F|  |TAMS 0x000000070bc00000, 0x000000070bc00000| Untracked 
|  88|0x000000070be00000, 0x000000070be00000, 0x000000070c000000|  0%| F|  |TAMS 0x000000070be00000, 0x000000070be00000| Untracked 
|  89|0x000000070c000000, 0x000000070c000000, 0x000000070c200000|  0%| F|  |TAMS 0x000000070c000000, 0x000000070c000000| Untracked 
|  90|0x000000070c200000, 0x000000070c200000, 0x000000070c400000|  0%| F|  |TAMS 0x000000070c200000, 0x000000070c200000| Untracked 
|  91|0x000000070c400000, 0x000000070c400000, 0x000000070c600000|  0%| F|  |TAMS 0x000000070c400000, 0x000000070c400000| Untracked 
|  92|0x000000070c600000, 0x000000070c600000, 0x000000070c800000|  0%| F|  |TAMS 0x000000070c600000, 0x000000070c600000| Untracked 
|  93|0x000000070c800000, 0x000000070c800000, 0x000000070ca00000|  0%| F|  |TAMS 0x000000070c800000, 0x000000070c800000| Untracked 
|  94|0x000000070ca00000, 0x000000070ca00000, 0x000000070cc00000|  0%| F|  |TAMS 0x000000070ca00000, 0x000000070ca00000| Untracked 
|  95|0x000000070cc00000, 0x000000070cc00000, 0x000000070ce00000|  0%| F|  |TAMS 0x000000070cc00000, 0x000000070cc00000| Untracked 
|  96|0x000000070ce00000, 0x000000070ce00000, 0x000000070d000000|  0%| F|  |TAMS 0x000000070ce00000, 0x000000070ce00000| Untracked 
|  97|0x000000070d000000, 0x000000070d000000, 0x000000070d200000|  0%| F|  |TAMS 0x000000070d000000, 0x000000070d000000| Untracked 
|  98|0x000000070d200000, 0x000000070d200000, 0x000000070d400000|  0%| F|  |TAMS 0x000000070d200000, 0x000000070d200000| Untracked 
|  99|0x000000070d400000, 0x000000070d400000, 0x000000070d600000|  0%| F|  |TAMS 0x000000070d400000, 0x000000070d400000| Untracked 
| 100|0x000000070d600000, 0x000000070d600000, 0x000000070d800000|  0%| F|  |TAMS 0x000000070d600000, 0x000000070d600000| Untracked 
| 101|0x000000070d800000, 0x000000070d800000, 0x000000070da00000|  0%| F|  |TAMS 0x000000070d800000, 0x000000070d800000| Untracked 
| 102|0x000000070da00000, 0x000000070da00000, 0x000000070dc00000|  0%| F|  |TAMS 0x000000070da00000, 0x000000070da00000| Untracked 
| 103|0x000000070dc00000, 0x000000070dc00000, 0x000000070de00000|  0%| F|  |TAMS 0x000000070dc00000, 0x000000070dc00000| Untracked 
| 104|0x000000070de00000, 0x000000070de00000, 0x000000070e000000|  0%| F|  |TAMS 0x000000070de00000, 0x000000070de00000| Untracked 
| 105|0x000000070e000000, 0x000000070e000000, 0x000000070e200000|  0%| F|  |TAMS 0x000000070e000000, 0x000000070e000000| Untracked 
| 106|0x000000070e200000, 0x000000070e200000, 0x000000070e400000|  0%| F|  |TAMS 0x000000070e200000, 0x000000070e200000| Untracked 
| 107|0x000000070e400000, 0x000000070e400000, 0x000000070e600000|  0%| F|  |TAMS 0x000000070e400000, 0x000000070e400000| Untracked 
| 108|0x000000070e600000, 0x000000070e600000, 0x000000070e800000|  0%| F|  |TAMS 0x000000070e600000, 0x000000070e600000| Untracked 
| 109|0x000000070e800000, 0x000000070e800000, 0x000000070ea00000|  0%| F|  |TAMS 0x000000070e800000, 0x000000070e800000| Untracked 
| 110|0x000000070ea00000, 0x000000070ea00000, 0x000000070ec00000|  0%| F|  |TAMS 0x000000070ea00000, 0x000000070ea00000| Untracked 
| 111|0x000000070ec00000, 0x000000070ec00000, 0x000000070ee00000|  0%| F|  |TAMS 0x000000070ec00000, 0x000000070ec00000| Untracked 
| 112|0x000000070ee00000, 0x000000070ee00000, 0x000000070f000000|  0%| F|  |TAMS 0x000000070ee00000, 0x000000070ee00000| Untracked 
| 113|0x000000070f000000, 0x000000070f000000, 0x000000070f200000|  0%| F|  |TAMS 0x000000070f000000, 0x000000070f000000| Untracked 
| 114|0x000000070f200000, 0x000000070f200000, 0x000000070f400000|  0%| F|  |TAMS 0x000000070f200000, 0x000000070f200000| Untracked 
| 115|0x000000070f400000, 0x000000070f400000, 0x000000070f600000|  0%| F|  |TAMS 0x000000070f400000, 0x000000070f400000| Untracked 
| 116|0x000000070f600000, 0x000000070f600000, 0x000000070f800000|  0%| F|  |TAMS 0x000000070f600000, 0x000000070f600000| Untracked 
| 117|0x000000070f800000, 0x000000070f800000, 0x000000070fa00000|  0%| F|  |TAMS 0x000000070f800000, 0x000000070f800000| Untracked 
| 118|0x000000070fa00000, 0x000000070fa00000, 0x000000070fc00000|  0%| F|  |TAMS 0x000000070fa00000, 0x000000070fa00000| Untracked 
| 119|0x000000070fc00000, 0x000000070fc00000, 0x000000070fe00000|  0%| F|  |TAMS 0x000000070fc00000, 0x000000070fc00000| Untracked 
| 120|0x000000070fe00000, 0x000000070fe00000, 0x0000000710000000|  0%| F|  |TAMS 0x000000070fe00000, 0x000000070fe00000| Untracked 
| 121|0x0000000710000000, 0x00000007101a6c00, 0x0000000710200000| 82%| S|CS|TAMS 0x0000000710000000, 0x0000000710000000| Complete 
| 122|0x0000000710200000, 0x0000000710200000, 0x0000000710400000|  0%| F|  |TAMS 0x0000000710200000, 0x0000000710200000| Untracked 
| 123|0x0000000710400000, 0x0000000710400000, 0x0000000710600000|  0%| F|  |TAMS 0x0000000710400000, 0x0000000710400000| Untracked 
| 124|0x0000000710600000, 0x0000000710600000, 0x0000000710800000|  0%| F|  |TAMS 0x0000000710600000, 0x0000000710600000| Untracked 
| 125|0x0000000710800000, 0x0000000710800000, 0x0000000710a00000|  0%| F|  |TAMS 0x0000000710800000, 0x0000000710800000| Untracked 
| 126|0x0000000710a00000, 0x0000000710a47568, 0x0000000710c00000| 13%| E|  |TAMS 0x0000000710a00000, 0x0000000710a00000| Complete 
| 127|0x0000000710c00000, 0x0000000710e00000, 0x0000000710e00000|100%| E|CS|TAMS 0x0000000710c00000, 0x0000000710c00000| Complete 

Card table byte_map: [0x0000023ae8f30000,0x0000023ae9730000] _byte_map_base: 0x0000023ae5729000

Marking Bits (Prev, Next): (CMBitMap*) 0x0000023ad156a900, (CMBitMap*) 0x0000023ad156a940
 Prev Bits: [0x0000023ae9f30000, 0x0000023aedef8000)
 Next Bits: [0x0000023aedf00000, 0x0000023af1ec8000)

Polling page: 0x0000023acf330000

Metaspace:

Usage:
  Non-class:      8.05 MB capacity,     5.50 MB ( 68%) used,     2.54 MB ( 32%) free+waste,     7.12 KB ( <1%) overhead. 
      Class:    608.00 KB capacity,   298.04 KB ( 49%) used,   307.77 KB ( 51%) free+waste,     2.19 KB ( <1%) overhead. 
       Both:      8.64 MB capacity,     5.79 MB ( 67%) used,     2.84 MB ( 33%) free+waste,     9.31 KB ( <1%) overhead. 

Virtual space:
  Non-class space:       10.00 MB reserved,       8.25 MB ( 82%) committed 
      Class space:        1.00 GB reserved,     640.00 KB ( <1%) committed 
             Both:        1.01 GB reserved,       8.88 MB ( <1%) committed 

Chunk freelists:
   Non-Class:  79.00 KB
       Class:  0 bytes
        Both:  79.00 KB

MaxMetaspaceSize: 17179869184.00 GB
CompressedClassSpaceSize: 1.00 GB

CodeHeap 'non-profiled nmethods': size=120000Kb used=212Kb max_used=212Kb free=119787Kb
 bounds [0x0000023ae1200000, 0x0000023ae1470000, 0x0000023ae8730000]
CodeHeap 'profiled nmethods': size=120000Kb used=1244Kb max_used=1244Kb free=118755Kb
 bounds [0x0000023ad9cd0000, 0x0000023ad9f40000, 0x0000023ae1200000]
CodeHeap 'non-nmethods': size=5760Kb used=1587Kb max_used=1606Kb free=4172Kb
 bounds [0x0000023ad9730000, 0x0000023ad99a0000, 0x0000023ad9cd0000]
 total_blobs=1699 nmethods=727 adapters=885
 compilation: enabled
              stopped_count=0, restarted_count=0
 full_count=0

Compilation events (20 events):
Event: 0.602 Thread 0x0000023af4d63d20 nmethod 710 0x0000023ad9e00d10 code [0x0000023ad9e00ec0, 0x0000023ad9e01078]
Event: 0.602 Thread 0x0000023af4d63d20  711       3       java.lang.reflect.Field::checkAccess (32 bytes)
Event: 0.602 Thread 0x0000023af4d63d20 nmethod 711 0x0000023ad9e01190 code [0x0000023ad9e01340, 0x0000023ad9e015c8]
Event: 0.602 Thread 0x0000023af4d63d20  713       3       jdk.internal.misc.Unsafe::objectFieldOffset (18 bytes)
Event: 0.603 Thread 0x0000023af4d63d20 nmethod 713 0x0000023ad9e01710 code [0x0000023ad9e018c0, 0x0000023ad9e01af8]
Event: 0.603 Thread 0x0000023af4d63d20  716       3       jdk.internal.reflect.UnsafeQualifiedLongFieldAccessorImpl::<init> (7 bytes)
Event: 0.603 Thread 0x0000023af4d63d20 nmethod 716 0x0000023ad9e01c10 code [0x0000023ad9e01dc0, 0x0000023ad9e01f68]
Event: 0.603 Thread 0x0000023af4d63d20  717       3       jdk.internal.reflect.UnsafeQualifiedFieldAccessorImpl::<init> (11 bytes)
Event: 0.603 Thread 0x0000023af4d63d20 nmethod 717 0x0000023ad9e02090 code [0x0000023ad9e02240, 0x0000023ad9e02388]
Event: 0.603 Thread 0x0000023af4d63d20  718       3       jdk.internal.reflect.UnsafeQualifiedLongFieldAccessorImpl::getLong (17 bytes)
Event: 0.603 Thread 0x0000023af4d15000  725   !   4       java.util.zip.ZipFile::getEntry (59 bytes)
Event: 0.603 Thread 0x0000023af4d63d20 nmethod 718 0x0000023ad9e02410 code [0x0000023ad9e02600, 0x0000023ad9e02c08]
Event: 0.603 Thread 0x0000023af4d63d20  719       3       jdk.internal.reflect.UnsafeFieldAccessorImpl::ensureObj (23 bytes)
Event: 0.603 Thread 0x0000023af4d63d20 nmethod 719 0x0000023ad9e02e10 code [0x0000023ad9e03000, 0x0000023ad9e03508]
Event: 0.603 Thread 0x0000023af4d63d20  720       3       org.lwjgl.PointerBuffer::put (24 bytes)
Event: 0.603 Thread 0x0000023af4d63d20 nmethod 720 0x0000023ad9e03710 code [0x0000023ad9e03900, 0x0000023ad9e03d18]
Event: 0.603 Thread 0x0000023af4d63d20  715       3       java.lang.reflect.Field::getLong (29 bytes)
Event: 0.604 Thread 0x0000023af4d63d20 nmethod 715 0x0000023ad9e03f10 code [0x0000023ad9e04100, 0x0000023ad9e044b8]
Event: 0.609 Thread 0x0000023af4d63d20  726       3       jdk.internal.org.objectweb.asm.Type::getArgumentsAndReturnSizes (140 bytes)
Event: 0.610 Thread 0x0000023af4d63d20 nmethod 726 0x0000023ad9e04610 code [0x0000023ad9e04a00, 0x0000023ad9e06838]

GC Heap History (2 events):
Event: 0.575 GC heap before
{Heap before GC invocations=0 (full 0):
 garbage-first heap   total 262144K, used 12288K [0x0000000700e00000, 0x0000000800000000)
  region size 2048K, 6 young (12288K), 0 survivors (0K)
 Metaspace       used 5208K, capacity 8241K, committed 8576K, reserved 1056768K
  class space    used 266K, capacity 576K, committed 640K, reserved 1048576K
}
Event: 0.578 GC heap after
{Heap after GC invocations=1 (full 0):
 garbage-first heap   total 262144K, used 1691K [0x0000000700e00000, 0x0000000800000000)
  region size 2048K, 1 young (2048K), 1 survivors (2048K)
 Metaspace       used 5208K, capacity 8241K, committed 8576K, reserved 1056768K
  class space    used 266K, capacity 576K, committed 640K, reserved 1048576K
}

Deoptimization events (14 events):
Event: 0.050 Thread 0x0000023ad151a210 Uncommon trap: trap_request=0xffffff45 fr.pc=0x0000023ae12044bc relative=0x000000000000021c
Event: 0.050 Thread 0x0000023ad151a210 Uncommon trap: reason=unstable_if action=reinterpret pc=0x0000023ae12044bc method=java.lang.String.hashCode()I @ 13 c2
Event: 0.050 Thread 0x0000023ad151a210 DEOPT PACKING pc=0x0000023ae12044bc sp=0x00000071301fde90
Event: 0.050 Thread 0x0000023ad151a210 DEOPT UNPACKING pc=0x0000023ad977e42f sp=0x00000071301fde20 mode 2
Event: 0.443 Thread 0x0000023ad151a210 Uncommon trap: trap_request=0xffffff54 fr.pc=0x0000023ae1225360 relative=0x0000000000000060
Event: 0.443 Thread 0x0000023ad151a210 Uncommon trap: reason=speculate_null_assert action=make_not_entrant pc=0x0000023ae1225360 method=sun.misc.Unsafe.putLong(Ljava/lang/Object;JJ)V @ 7 c2
Event: 0.443 Thread 0x0000023ad151a210 DEOPT PACKING pc=0x0000023ae1225360 sp=0x00000071301fec10
Event: 0.443 Thread 0x0000023ad151a210 DEOPT UNPACKING pc=0x0000023ad977e42f sp=0x00000071301feb88 mode 2
Event: 0.447 Thread 0x0000023ad151a210 Uncommon trap: trap_request=0xffffff54 fr.pc=0x0000023ae12271d8 relative=0x0000000000000058
Event: 0.447 Thread 0x0000023ad151a210 Uncommon trap: reason=speculate_null_assert action=make_not_entrant pc=0x0000023ae12271d8 method=sun.misc.Unsafe.getLong(Ljava/lang/Object;J)J @ 5 c2
Event: 0.447 Thread 0x0000023ad151a210 DEOPT PACKING pc=0x0000023ae12271d8 sp=0x00000071301fea70
Event: 0.447 Thread 0x0000023ad151a210 DEOPT UNPACKING pc=0x0000023ad977e42f sp=0x00000071301fe9f8 mode 2
Event: 0.512 Thread 0x0000023ad151a210 DEOPT PACKING pc=0x0000023ad9d0075f sp=0x00000071301fdcb0
Event: 0.512 Thread 0x0000023ad151a210 DEOPT UNPACKING pc=0x0000023ad977e23f sp=0x00000071301fd100 mode 0

Classes unloaded (0 events):
No events

Classes redefined (0 events):
No events

Internal exceptions (18 events):
Event: 0.104 Thread 0x0000023ad151a210 Exception <a 'java/lang/NoSuchMethodError'{0x0000000710abcca8}: 'java.lang.Object java.lang.invoke.DirectMethodHandle$Holder.invokeStatic(java.lang.Object)'> (0x0000000710abcca8) 
thrown [./open/src/hotspot/share/interpreter/linkResolver.cpp, line 782]
Event: 0.104 Thread 0x0000023ad151a210 Exception <a 'java/lang/NoSuchMethodError'{0x0000000710ac04d8}: 'java.lang.Object java.lang.invoke.DirectMethodHandle$Holder.invokeStaticInit(java.lang.Object)'> (0x0000000710ac04d8) 
thrown [./open/src/hotspot/share/interpreter/linkResolver.cpp, line 782]
Event: 0.114 Thread 0x0000023ad151a210 Exception <a 'java/lang/NoSuchMethodError'{0x0000000710b14840}: 'void java.lang.invoke.DirectMethodHandle$Holder.invokeStatic(java.lang.Object, java.lang.Object)'> (0x0000000710b14840) 
thrown [./open/src/hotspot/share/interpreter/linkResolver.cpp, line 782]
Event: 0.115 Thread 0x0000023ad151a210 Exception <a 'java/lang/NoSuchMethodError'{0x0000000710b1a178}: 'void java.lang.invoke.DirectMethodHandle$Holder.invokeSpecial(java.lang.Object, java.lang.Object, java.lang.Object)'> (0x0000000710b1a178) 
thrown [./open/src/hotspot/share/interpreter/linkResolver.cpp, line 782]
Event: 0.117 Thread 0x0000023ad151a210 Exception <a 'java/lang/NoSuchMethodError'{0x0000000710b2a058}: 'java.lang.Object java.lang.invoke.DirectMethodHandle$Holder.invokeStatic(java.lang.Object, java.lang.Object, int)'> (0x0000000710b2a058) 
thrown [./open/src/hotspot/share/interpreter/linkResolver.cpp, line 782]
Event: 0.118 Thread 0x0000023ad151a210 Exception <a 'java/lang/NoSuchMethodError'{0x0000000710b36120}: 'void java.lang.invoke.DelegatingMethodHandle$Holder.delegate(java.lang.Object, java.lang.Object, int, java.lang.Object)'> (0x0000000710b36120) 
thrown [./open/src/hotspot/share/interpreter/linkResolver.cpp, line 782]
Event: 0.118 Thread 0x0000023ad151a210 Exception <a 'java/lang/NoSuchMethodError'{0x0000000710b3a468}: 'int java.lang.invoke.DirectMethodHandle$Holder.invokeSpecial(java.lang.Object, java.lang.Object, java.lang.Object)'> (0x0000000710b3a468) 
thrown [./open/src/hotspot/share/interpreter/linkResolver.cpp, line 782]
Event: 0.144 Thread 0x0000023ad151a210 Exception <a 'sun/nio/fs/WindowsException'{0x0000000710b9c320}> (0x0000000710b9c320) 
thrown [./open/src/hotspot/share/prims/jni.cpp, line 578]
Event: 0.144 Thread 0x0000023ad151a210 Exception <a 'sun/nio/fs/WindowsException'{0x0000000710b9c8b0}> (0x0000000710b9c8b0) 
thrown [./open/src/hotspot/share/prims/jni.cpp, line 578]
Event: 0.168 Thread 0x0000023ad151a210 Exception <a 'sun/nio/fs/WindowsException'{0x0000000710872928}> (0x0000000710872928) 
thrown [./open/src/hotspot/share/prims/jni.cpp, line 578]
Event: 0.168 Thread 0x0000023ad151a210 Exception <a 'sun/nio/fs/WindowsException'{0x0000000710872cd0}> (0x0000000710872cd0) 
thrown [./open/src/hotspot/share/prims/jni.cpp, line 578]
Event: 0.386 Thread 0x0000023ad151a210 Exception <a 'java/lang/NoSuchMethodError'{0x00000007108caa20}: 'void java.lang.invoke.DirectMethodHandle$Holder.invokeStaticInit(java.lang.Object, long, double, double)'> (0x00000007108caa20) 
thrown [./open/src/hotspot/share/interpreter/linkResolver.cpp, line 782]
Event: 0.388 Thread 0x0000023ad151a210 Exception <a 'java/lang/NoSuchMethodError'{0x00000007108db558}: 'void java.lang.invoke.DirectMethodHandle$Holder.invokeStaticInit(java.lang.Object, long, int, int, int)'> (0x00000007108db558) 
thrown [./open/src/hotspot/share/interpreter/linkResolver.cpp, line 782]
Event: 0.393 Thread 0x0000023ad151a210 Exception <a 'java/lang/NoSuchMethodError'{0x00000007108f6b58}: 'void java.lang.invoke.DirectMethodHandle$Holder.invokeStaticInit(java.lang.Object, long, int, int, int, int)'> (0x00000007108f6b58) 
thrown [./open/src/hotspot/share/interpreter/linkResolver.cpp, line 782]
Event: 0.417 Thread 0x0000023ad151a210 Exception <a 'sun/nio/fs/WindowsException'{0x0000000710936640}> (0x0000000710936640) 
thrown [./open/src/hotspot/share/prims/jni.cpp, line 578]
Event: 0.417 Thread 0x0000023ad151a210 Exception <a 'sun/nio/fs/WindowsException'{0x0000000710936a20}> (0x0000000710936a20) 
thrown [./open/src/hotspot/share/prims/jni.cpp, line 578]
Event: 0.420 Thread 0x0000023ad151a210 Exception <a 'sun/nio/fs/WindowsException'{0x0000000710944ff8}> (0x0000000710944ff8) 
thrown [./open/src/hotspot/share/prims/jni.cpp, line 578]
Event: 0.420 Thread 0x0000023ad151a210 Exception <a 'sun/nio/fs/WindowsException'{0x0000000710945318}> (0x0000000710945318) 
thrown [./open/src/hotspot/share/prims/jni.cpp, line 578]

Events (20 events):
Event: 0.153 loading class java/nio/BufferUnderflowException done
Event: 0.161 loading class java/util/function/BiPredicate
Event: 0.161 loading class java/util/function/BiPredicate done
Event: 0.169 loading class java/lang/NoSuchFieldError
Event: 0.169 loading class java/lang/NoSuchFieldError done
Event: 0.172 loading class jdk/internal/reflect/UnsafeQualifiedStaticIntegerFieldAccessorImpl
Event: 0.172 loading class jdk/internal/reflect/UnsafeQualifiedStaticIntegerFieldAccessorImpl done
Event: 0.418 Loaded shared library C:\Users\Suji Mazzeo\AppData\Local\Temp\lwjglSuji Mazzeo\3.2.3-build-13\lwjgl_opengl.dll
Event: 0.426 Executing VM operation: HandshakeAllThreads
Event: 0.426 Executing VM operation: HandshakeAllThreads done
Event: 0.454 Loaded shared library C:\Users\Suji Mazzeo\AppData\Local\Temp\lwjglSuji Mazzeo\3.2.3-build-13\lwjgl.dll
Event: 0.456 Loaded shared library C:\Users\Suji Mazzeo\AppData\Local\Temp\lwjglSuji Mazzeo\3.2.3-build-13\lwjgl.dll
Event: 0.575 Executing VM operation: G1CollectForAllocation
Event: 0.578 Executing VM operation: G1CollectForAllocation done
Event: 0.578 Executing VM operation: HandshakeAllThreads
Event: 0.578 Executing VM operation: HandshakeAllThreads done
Event: 0.595 loading class jdk/internal/reflect/UnsafeQualifiedLongFieldAccessorImpl
Event: 0.595 loading class jdk/internal/reflect/UnsafeQualifiedFieldAccessorImpl
Event: 0.595 loading class jdk/internal/reflect/UnsafeQualifiedFieldAccessorImpl done
Event: 0.595 loading class jdk/internal/reflect/UnsafeQualifiedLongFieldAccessorImpl done


Dynamic libraries:
0x00007ff7ce1f0000 - 0x00007ff7ce1fd000 	C:\Users\Suji Mazzeo\.jdks\openjdk-15\bin\java.exe
0x00007ff993430000 - 0x00007ff993625000 	C:\Windows\SYSTEM32\ntdll.dll
0x00007ff992000000 - 0x00007ff9920bd000 	C:\Windows\System32\KERNEL32.DLL
0x00007ff990e50000 - 0x00007ff991117000 	C:\Windows\System32\KERNELBASE.dll
0x00007ff98e470000 - 0x00007ff98e500000 	C:\Windows\SYSTEM32\apphelp.dll
0x00007ff990bc0000 - 0x00007ff990cc0000 	C:\Windows\System32\ucrtbase.dll
0x00007ff9862d0000 - 0x00007ff9862e7000 	C:\Windows\SYSTEM32\VCRUNTIME140.dll
0x00007ff98bf80000 - 0x00007ff98bf98000 	C:\Users\Suji Mazzeo\.jdks\openjdk-15\bin\jli.dll
0x00007ff992360000 - 0x00007ff992500000 	C:\Windows\System32\USER32.dll
0x00007ff990cf0000 - 0x00007ff990d12000 	C:\Windows\System32\win32u.dll
0x00007ff9920c0000 - 0x00007ff9920ea000 	C:\Windows\System32\GDI32.dll
0x00007ff991280000 - 0x00007ff991389000 	C:\Windows\System32\gdi32full.dll
0x00007ff991390000 - 0x00007ff99142d000 	C:\Windows\System32\msvcp_win.dll
0x00007ff979300000 - 0x00007ff97959b000 	C:\Windows\WinSxS\amd64_microsoft.windows.common-controls_6595b64144ccf1df_6.0.19041.488_none_ca04af081b815d21\COMCTL32.dll
0x00007ff991520000 - 0x00007ff9915be000 	C:\Windows\System32\msvcrt.dll
0x00007ff992c50000 - 0x00007ff992c80000 	C:\Windows\System32\IMM32.DLL
0x00007ff97dbe0000 - 0x00007ff97dbf9000 	C:\Users\Suji Mazzeo\.jdks\openjdk-15\bin\vcruntime140.dll
0x00007ff987b00000 - 0x00007ff987b0c000 	C:\Users\Suji Mazzeo\.jdks\openjdk-15\bin\vcruntime140_1.dll
0x00007ff967d70000 - 0x00007ff967e01000 	C:\Users\Suji Mazzeo\.jdks\openjdk-15\bin\msvcp140.dll
0x00007ff942cd0000 - 0x00007ff94382c000 	C:\Users\Suji Mazzeo\.jdks\openjdk-15\bin\server\jvm.dll
0x00007ff9922b0000 - 0x00007ff99235a000 	C:\Windows\System32\ADVAPI32.dll
0x00007ff991a30000 - 0x00007ff991acb000 	C:\Windows\System32\sechost.dll
0x00007ff992ea0000 - 0x00007ff992fc4000 	C:\Windows\System32\RPCRT4.dll
0x00007ff992170000 - 0x00007ff992178000 	C:\Windows\System32\PSAPI.DLL
0x00007ff98b9b0000 - 0x00007ff98b9b9000 	C:\Windows\SYSTEM32\WSOCK32.dll
0x00007ff992240000 - 0x00007ff9922ab000 	C:\Windows\System32\WS2_32.dll
0x00007ff984490000 - 0x00007ff9844b7000 	C:\Windows\SYSTEM32\WINMM.dll
0x00007ff98b4a0000 - 0x00007ff98b4aa000 	C:\Windows\SYSTEM32\VERSION.dll
0x00007ff98f4b0000 - 0x00007ff98f4c3000 	C:\Windows\SYSTEM32\kernel.appcore.dll
0x00007ff987a80000 - 0x00007ff987a8a000 	C:\Users\Suji Mazzeo\.jdks\openjdk-15\bin\jimage.dll
0x00007ff98a570000 - 0x00007ff98a754000 	C:\Windows\SYSTEM32\DBGHELP.DLL
0x00007ff98a490000 - 0x00007ff98a4bc000 	C:\Windows\SYSTEM32\dbgcore.DLL
0x00007ff990d20000 - 0x00007ff990d9f000 	C:\Windows\System32\bcryptPrimitives.dll
0x00007ff978570000 - 0x00007ff978595000 	C:\Users\Suji Mazzeo\.jdks\openjdk-15\bin\java.dll
0x00007ff992500000 - 0x00007ff992c41000 	C:\Windows\System32\SHELL32.dll
0x00007ff98ecd0000 - 0x00007ff98f463000 	C:\Windows\SYSTEM32\windows.storage.dll
0x00007ff9915c0000 - 0x00007ff991915000 	C:\Windows\System32\combase.dll
0x00007ff9905e0000 - 0x00007ff99060c000 	C:\Windows\SYSTEM32\Wldp.dll
0x00007ff992180000 - 0x00007ff99222e000 	C:\Windows\System32\SHCORE.dll
0x00007ff992110000 - 0x00007ff992165000 	C:\Windows\System32\shlwapi.dll
0x00007ff990aa0000 - 0x00007ff990ac6000 	C:\Windows\SYSTEM32\profapi.dll
0x00007ff978220000 - 0x00007ff978239000 	C:\Users\Suji Mazzeo\.jdks\openjdk-15\bin\net.dll
0x00007ff98c620000 - 0x00007ff98c720000 	C:\Windows\SYSTEM32\WINHTTP.dll
0x00007ff990360000 - 0x00007ff9903ca000 	C:\Windows\system32\mswsock.dll
0x00007ff978180000 - 0x00007ff978192000 	C:\Users\Suji Mazzeo\.jdks\openjdk-15\bin\nio.dll
0x00007ff978160000 - 0x00007ff978178000 	C:\Users\Suji Mazzeo\.jdks\openjdk-15\bin\zip.dll
0x00007ff96c390000 - 0x00007ff96c3f4000 	C:\Users\Suji Mazzeo\AppData\Local\Temp\lwjglSuji Mazzeo\3.2.3-build-13\lwjgl.dll
0x00007ff96c2e0000 - 0x00007ff96c342000 	C:\Users\SUJIMA~1\AppData\Local\Temp\lwjglSuji Mazzeo\3.2.3-build-13\glfw.dll
0x00007ff98e570000 - 0x00007ff98e60f000 	C:\Windows\system32\uxtheme.dll
0x00007ff970050000 - 0x00007ff970095000 	C:\Windows\SYSTEM32\dinput8.dll
0x00007ff96ab80000 - 0x00007ff96ab91000 	C:\Windows\SYSTEM32\xinput1_4.dll
0x00007ff990b70000 - 0x00007ff990bbd000 	C:\Windows\System32\cfgmgr32.dll
0x00007ff990920000 - 0x00007ff99094c000 	C:\Windows\SYSTEM32\DEVOBJ.dll
0x00007ff98e740000 - 0x00007ff98e76f000 	C:\Windows\SYSTEM32\dwmapi.dll
0x00007ff97f6a0000 - 0x00007ff97f7f2000 	C:\Windows\SYSTEM32\inputhost.dll
0x00007ff992fd0000 - 0x00007ff99309d000 	C:\Windows\System32\OLEAUT32.dll
0x00007ff98e1b0000 - 0x00007ff98e2a2000 	C:\Windows\SYSTEM32\CoreMessaging.dll
0x00007ff98bc70000 - 0x00007ff98bd67000 	C:\Windows\SYSTEM32\PROPSYS.dll
0x00007ff98cac0000 - 0x00007ff98cc16000 	C:\Windows\SYSTEM32\wintypes.dll
0x00007ff98dad0000 - 0x00007ff98de2a000 	C:\Windows\SYSTEM32\CoreUIComponents.dll
0x00007ff98f8c0000 - 0x00007ff98f8f3000 	C:\Windows\SYSTEM32\ntmarta.dll
0x00007ff9930a0000 - 0x00007ff9931b5000 	C:\Windows\System32\MSCTF.dll
0x00007ff98f470000 - 0x00007ff98f47d000 	C:\Windows\SYSTEM32\HID.DLL
0x00007ff991b30000 - 0x00007ff991f97000 	C:\Windows\System32\SETUPAPI.DLL
0x00007ff990cc0000 - 0x00007ff990ce7000 	C:\Windows\System32\bcrypt.dll
0x00007ff991430000 - 0x00007ff991490000 	C:\Windows\System32\WINTRUST.dll
0x00007ff991120000 - 0x00007ff99127d000 	C:\Windows\System32\CRYPT32.dll
0x00007ff990760000 - 0x00007ff990772000 	C:\Windows\SYSTEM32\MSASN1.dll
0x00007ff9675c0000 - 0x00007ff9676e5000 	C:\Windows\SYSTEM32\opengl32.dll
0x00007ff97ee10000 - 0x00007ff97ee3c000 	C:\Windows\SYSTEM32\GLU32.dll
0x00007ff991920000 - 0x00007ff9919c8000 	C:\Windows\System32\clbcatq.dll
0x00007ff9278f0000 - 0x00007ff92a138000 	C:\Windows\System32\DriverStore\FileRepository\nv_dispi.inf_amd64_ba8c9c14f3d320cb\nvoglv64.dll
0x00007ff992c80000 - 0x00007ff992da9000 	C:\Windows\System32\ole32.dll
0x00007ff98c380000 - 0x00007ff98c394000 	C:\Windows\SYSTEM32\WTSAPI32.dll
0x00007ff97a4f0000 - 0x00007ff97a52b000 	C:\Windows\SYSTEM32\dxcore.dll
0x00007ff96b8b0000 - 0x00007ff96bb5e000 	C:\Windows\system32\nvspcap64.dll
0x00007ff990170000 - 0x00007ff9901bb000 	C:\Windows\SYSTEM32\powrprof.dll
0x00007ff98ffe0000 - 0x00007ff98fff2000 	C:\Windows\SYSTEM32\UMPDC.dll
0x00007ff98f930000 - 0x00007ff98f98a000 	C:\Windows\SYSTEM32\WINSTA.dll
0x00007ff980620000 - 0x00007ff98071d000 	C:\Windows\SYSTEM32\textinputframework.dll
0x00007ff969190000 - 0x00007ff9691e9000 	C:\Users\Suji Mazzeo\AppData\Local\Temp\lwjglSuji Mazzeo\3.2.3-build-13\lwjgl_opengl.dll

dbghelp: loaded successfully - version: 4.0.5 - missing functions: none
symbol engine: initialized successfully - sym options: 0x614 - pdb path: .;C:\Users\Suji Mazzeo\.jdks\openjdk-15\bin;C:\Windows\SYSTEM32;C:\Windows\WinSxS\amd64_microsoft.windows.common-controls_6595b64144ccf1df_6.0.19041.488_none_ca04af081b815d21;C:\Users\Suji Mazzeo\.jdks\openjdk-15\bin\server;C:\Users\Suji Mazzeo\AppData\Local\Temp\lwjglSuji Mazzeo\3.2.3-build-13;C:\Users\SUJIMA~1\AppData\Local\Temp\lwjglSuji Mazzeo\3.2.3-build-13;C:\Windows\System32\DriverStore\FileRepository\nv_dispi.inf_amd64_ba8c9c14f3d320cb

VM Arguments:
jvm_args: -Dfile.encoding=windows-1252 -Duser.country=US -Duser.language=en -Duser.variant 
java_command: Main
java_class_path (initial): C:\Users\Suji Mazzeo\IdeaProjects\PillarOfEsquillion\build\classes\java\main;C:\Users\Suji Mazzeo\IdeaProjects\PillarOfEsquillion\build\resources\main;C:\Users\Suji Mazzeo\.gradle\caches\modules-2\files-2.1\org.lwjgl\lwjgl-assimp\3.2.3\f62aa07a20afbdd3097efc296c4841e0d29700eb\lwjgl-assimp-3.2.3.jar;C:\Users\Suji Mazzeo\.gradle\caches\modules-2\files-2.1\org.lwjgl\lwjgl-assimp\3.2.3\4e60aeb75f0343c4a9ede4ef8b6b32ca702a00a3\lwjgl-assimp-3.2.3-natives-windows.jar;C:\Users\Suji Mazzeo\.gradle\caches\modules-2\files-2.1\org.lwjgl\lwjgl-glfw\3.2.3\5e520d5c290c8b012545a8d34fa5db5ab051ea53\lwjgl-glfw-3.2.3.jar;C:\Users\Suji Mazzeo\.gradle\caches\modules-2\files-2.1\org.lwjgl\lwjgl-glfw\3.2.3\b4d8a3477cdc2edcf7a5f1e822926be846223f54\lwjgl-glfw-3.2.3-natives-windows.jar;C:\Users\Suji Mazzeo\.gradle\caches\modules-2\files-2.1\org.lwjgl\lwjgl-nfd\3.2.3\c44fee1043c022cf6614a28872d44cf114ca7737\lwjgl-nfd-3.2.3.jar;C:\Users\Suji Mazzeo\.gradle\caches\modules-2\files-2.1\org.lwjgl\lwjgl-nfd\3.2.3\32782f5f5c57769efb82af864e70b819c77bc891\lwjgl-nfd-3.2.3-natives-windows.jar;C:\Users\Suji Mazzeo\.gradle\caches\modules-2\files-2.1\org.lwjgl\lwjgl-openal\3.2.3\106742e805803ab9eab8e343f0fb31a3d263903c\lwjgl-openal-3.2.3.jar;C:\Users\Suji Mazzeo\.gradle\caches\modules-2\files-2.1\org.lwjgl\lwjgl-openal\3.2.3\ec898e8ce11b5886f4f532a1536283ef2817758d\lwjgl-openal-3.2.3-natives-windows.jar;C:\Users\Suji Mazzeo\.gradle\caches\modules-2\files-2.1\org.lwjgl\lwjgl-opengl\3.2.3\bdd534a323d0c8f54969b95e424b6ac8984f7d6e\lwjgl-opengl-3.2.3.jar;C:\Users\Suji Mazzeo\.gradle\caches\modules-2\files-2.1\org.lwjgl\lwjgl-opengl\3.2.3\e81cfc73ec8708e5e791ed770e4ec3edfc1bbab1\lwjgl-opengl-3.2.3-natives-windows.jar;C:\Users\Suji Mazzeo\.gradle\caches\modules-2\files-2.1\org.lwjgl\lwjgl-stb\3.2.3\40eccaa4fa86fc815f2e17946a392fb5fdcc286a\lwjgl-stb-3.2.3.jar;C:\Users\Suji Mazzeo\.gradle\caches\modules-2\files-2.1\org.lwjgl\lwjgl-stb\3.2.3\817b21ec286f0ba3dcedb56a3bd275e6a9345be9\lwjg
Launcher Type: SUN_STANDARD

[Global flags]
     intx CICompilerCount                          = 3                                         {product} {ergonomic}
     uint ConcGCThreads                            = 1                                         {product} {ergonomic}
     uint G1ConcRefinementThreads                  = 4                                         {product} {ergonomic}
   size_t G1HeapRegionSize                         = 2097152                                   {product} {ergonomic}
    uintx GCDrainStackTargetSize                   = 64                                        {product} {ergonomic}
   size_t InitialHeapSize                          = 268435456                                 {product} {ergonomic}
   size_t MarkStackSize                            = 4194304                                   {product} {ergonomic}
   size_t MaxHeapSize                              = 4280287232                                {product} {ergonomic}
   size_t MaxNewSize                               = 2566914048                                {product} {ergonomic}
   size_t MinHeapDeltaBytes                        = 2097152                                   {product} {ergonomic}
   size_t MinHeapSize                              = 8388608                                   {product} {ergonomic}
    uintx NonNMethodCodeHeapSize                   = 5832780                                {pd product} {ergonomic}
    uintx NonProfiledCodeHeapSize                  = 122912730                              {pd product} {ergonomic}
    uintx ProfiledCodeHeapSize                     = 122912730                              {pd product} {ergonomic}
    uintx ReservedCodeCacheSize                    = 251658240                              {pd product} {ergonomic}
     bool SegmentedCodeCache                       = true                                      {product} {ergonomic}
   size_t SoftMaxHeapSize                          = 4280287232                             {manageable} {ergonomic}
     bool UseCompressedClassPointers               = true                                 {lp64_product} {ergonomic}
     bool UseCompressedOops                        = true                                 {lp64_product} {ergonomic}
     bool UseG1GC                                  = true                                      {product} {ergonomic}
     bool UseLargePagesIndividualAllocation        = false                                  {pd product} {ergonomic}

Logging:
Log output configuration:
 #0: stdout all=warning uptime,level,tags
 #1: stderr all=off uptime,level,tags

Environment Variables:
PATH=C:\Program Files\Mozilla Firefox;C:\Windows\system32;C:\Windows;C:\Windows\System32\Wbem;C:\Windows\System32\WindowsPowerShell\v1.0\;C:\Windows\System32\OpenSSH\;C:\Program Files\NVIDIA Corporation\NVIDIA NvDLISR;C:\Program Files (x86)\NVIDIA Corporation\PhysX\Common;C:\Users\Suji Mazzeo\AppData\Local\Microsoft\WindowsApps;
USERNAME=Suji Mazzeo
OS=Windows_NT
PROCESSOR_IDENTIFIER=Intel64 Family 6 Model 60 Stepping 3, GenuineIntel



---------------  S Y S T E M  ---------------

OS:
 Windows 10 , 64 bit Build 19041 (10.0.19041.292)
OS uptime: 23 days 15:52 hours

CPU: total 4 (initial active 4) (4 cores per cpu, 1 threads per core) family 6 model 60 stepping 3, cmov, cx8, fxsr, mmx, sse, sse2, sse3, ssse3, sse4.1, sse4.2, popcnt, vzeroupper, avx, avx2, aes, clmul, erms, lzcnt, tsc, tscinvbit, bmi1, bmi2, fma, clflush

Memory: 4k page, system-wide physical 16326M (8529M free)
TotalPageFile size 19849M (AvailPageFile size 4369M)
current process WorkingSet (physical memory assigned to process): 99M, peak: 99M
current process commit charge ("private bytes"): 412M, peak: 412M

vm_info: OpenJDK 64-Bit Server VM (15+36-1562) for windows-amd64 JRE (15+36-1562), built on Aug 11 2020 22:33:04 by "mach5one" with unknown MS VC++:1925

END.
